<?xml version='1.0' encoding='UTF-8'?>
<testsuite hostname="HAMACL00576" name="Weirdle" tests="1" errors="0" failures="0" skipped="0" time="0.38" timestamp="2024-06-23T16:52:31">
          <properties>
[...]
</properties>
          <testcase classname="Weirdle" name="The blog app home page should have the correct title" time="0.38">
                      
                    </testcase>
          <system-out><![CDATA[]]></system-out>
          <system-err><![CDATA[]]></system-err>
        </testsuite>